# JRE version: Java(TM) SE Runtime Environment (8.0_51-b16) (build 1.8.0_51-b16)
# Java VM: Java HotSpot(TM) 64-Bit Server VM (25.51-b03 mixed mode windows-amd64 compressed oops)
Heap:
 PSYoungGen      total 9216K, used 1024K [0x00000000f6600000, 0x00000000f8500000, 0x0000000100000000)
  eden space 8192K, 0% used [0x00000000f6600000,0x00000000f6600000,0x00000000f6e00000)
  from space 1024K, 100% used [0x00000000f6e00000,0x00000000f6f00000,0x00000000f6f00000)
  to   space 7680K, 0% used [0x00000000f7d80000,0x00000000f7d80000,0x00000000f8500000)
 ParOldGen       total 20480K, used 15678K [0x00000000e3200000, 0x00000000e4600000, 0x00000000f6600000)
  object space 20480K, 76% used [0x00000000e3200000,0x00000000e414fa08,0x00000000e4600000)
 Metaspace       used 5468K, capacity 5548K, committed 5760K, reserved 1056768K
  class space    used 563K, capacity 596K, committed 640K, reserved 1048576K
GC Heap History (10 events):
Event: 0.606 GC heap after
Heap after GC invocations=1 (full 0):
 PSYoungGen      total 9216K, used 992K [0x00000000f6600000, 0x00000000f7000000, 0x0000000100000000)
  eden space 8192K, 0% used [0x00000000f6600000,0x00000000f6600000,0x00000000f6e00000)
  from space 1024K, 96% used [0x00000000f6e00000,0x00000000f6ef8020,0x00000000f6f00000)
  to   space 1024K, 0% used [0x00000000f6f00000,0x00000000f6f00000,0x00000000f7000000)
 ParOldGen       total 20480K, used 60K [0x00000000e3200000, 0x00000000e4600000, 0x00000000f6600000)
  object space 20480K, 0% used [0x00000000e3200000,0x00000000e320f240,0x00000000e4600000)
 Metaspace       used 3620K, capacity 4888K, committed 5120K, reserved 1056768K
  class space    used 414K, capacity 456K, committed 512K, reserved 1048576K
}
Event: 1.328 GC heap before
{Heap before GC invocations=2 (full 0):
 PSYoungGen      total 9216K, used 9179K [0x00000000f6600000, 0x00000000f7000000, 0x0000000100000000)
  eden space 8192K, 99% used [0x00000000f6600000,0x00000000f6dfec68,0x00000000f6e00000)
  from space 1024K, 96% used [0x00000000f6e00000,0x00000000f6ef8020,0x00000000f6f00000)
  to   space 1024K, 0% used [0x00000000f6f00000,0x00000000f6f00000,0x00000000f7000000)
 ParOldGen       total 20480K, used 60K [0x00000000e3200000, 0x00000000e4600000, 0x00000000f6600000)
  object space 20480K, 0% used [0x00000000e3200000,0x00000000e320f240,0x00000000e4600000)
 Metaspace       used 5171K, capacity 5292K, committed 5504K, reserved 1056768K
  class space    used 560K, capacity 596K, committed 640K, reserved 1048576K
Event: 1.337 GC heap after
Heap after GC invocations=2 (full 0):
 PSYoungGen      total 9216K, used 992K [0x00000000f6600000, 0x00000000f7000000, 0x0000000100000000)
  eden space 8192K, 0% used [0x00000000f6600000,0x00000000f6600000,0x00000000f6e00000)
  from space 1024K, 96% used [0x00000000f6f00000,0x00000000f6ff8020,0x00000000f7000000)
  to   space 1024K, 0% used [0x00000000f6e00000,0x00000000f6e00000,0x00000000f6f00000)
 ParOldGen       total 20480K, used 2969K [0x00000000e3200000, 0x00000000e4600000, 0x00000000f6600000)
  object space 20480K, 14% used [0x00000000e3200000,0x00000000e34e65d8,0x00000000e4600000)
 Metaspace       used 5171K, capacity 5292K, committed 5504K, reserved 1056768K
  class space    used 560K, capacity 596K, committed 640K, reserved 1048576K
}
Event: 3.121 GC heap before
{Heap before GC invocations=3 (full 0):
 PSYoungGen      total 9216K, used 9184K [0x00000000f6600000, 0x00000000f7000000, 0x0000000100000000)
  eden space 8192K, 100% used [0x00000000f6600000,0x00000000f6e00000,0x00000000f6e00000)
  from space 1024K, 96% used [0x00000000f6f00000,0x00000000f6ff8020,0x00000000f7000000)
  to   space 1024K, 0% used [0x00000000f6e00000,0x00000000f6e00000,0x00000000f6f00000)
 ParOldGen       total 20480K, used 2969K [0x00000000e3200000, 0x00000000e4600000, 0x00000000f6600000)
  object space 20480K, 14% used [0x00000000e3200000,0x00000000e34e65d8,0x00000000e4600000)
 Metaspace       used 5403K, capacity 5548K, committed 5760K, reserved 1056768K
  class space    used 561K, capacity 596K, committed 640K, reserved 1048576K
Event: 3.135 GC heap after
Heap after GC invocations=3 (full 0):
 PSYoungGen      total 9216K, used 1008K [0x00000000f6600000, 0x00000000f7000000, 0x0000000100000000)
  eden space 8192K, 0% used [0x00000000f6600000,0x00000000f6600000,0x00000000f6e00000)
  from space 1024K, 98% used [0x00000000f6e00000,0x00000000f6efc010,0x00000000f6f00000)
  to   space 1024K, 0% used [0x00000000f6f00000,0x00000000f6f00000,0x00000000f7000000)
 ParOldGen       total 20480K, used 7228K [0x00000000e3200000, 0x00000000e4600000, 0x00000000f6600000)
  object space 20480K, 35% used [0x00000000e3200000,0x00000000e390f138,0x00000000e4600000)
 Metaspace       used 5403K, capacity 5548K, committed 5760K, reserved 1056768K
  class space    used 561K, capacity 596K, committed 640K, reserved 1048576K
}
Event: 3.755 GC heap before
{Heap before GC invocations=4 (full 0):
 PSYoungGen      total 9216K, used 9200K [0x00000000f6600000, 0x00000000f7000000, 0x0000000100000000)
  eden space 8192K, 100% used [0x00000000f6600000,0x00000000f6e00000,0x00000000f6e00000)
  from space 1024K, 98% used [0x00000000f6e00000,0x00000000f6efc010,0x00000000f6f00000)
  to   space 1024K, 0% used [0x00000000f6f00000,0x00000000f6f00000,0x00000000f7000000)
 ParOldGen       total 20480K, used 7228K [0x00000000e3200000, 0x00000000e4600000, 0x00000000f6600000)
  object space 20480K, 35% used [0x00000000e3200000,0x00000000e390f138,0x00000000e4600000)
 Metaspace       used 5445K, capacity 5548K, committed 5760K, reserved 1056768K
  class space    used 561K, capacity 596K, committed 640K, reserved 1048576K
Event: 3.775 GC heap after
Heap after GC invocations=4 (full 0):
 PSYoungGen      total 9216K, used 1024K [0x00000000f6600000, 0x00000000f7800000, 0x0000000100000000)
  eden space 8192K, 0% used [0x00000000f6600000,0x00000000f6600000,0x00000000f6e00000)
  from space 1024K, 100% used [0x00000000f6f00000,0x00000000f7000000,0x00000000f7000000)
  to   space 1024K, 0% used [0x00000000f6e00000,0x00000000f6e00000,0x00000000f6f00000)
 ParOldGen       total 20480K, used 11658K [0x00000000e3200000, 0x00000000e4600000, 0x00000000f6600000)
  object space 20480K, 56% used [0x00000000e3200000,0x00000000e3d62838,0x00000000e4600000)
 Metaspace       used 5445K, capacity 5548K, committed 5760K, reserved 1056768K
  class space    used 561K, capacity 596K, committed 640K, reserved 1048576K
}
Event: 4.599 GC heap before
{Heap before GC invocations=5 (full 0):
 PSYoungGen      total 9216K, used 9216K [0x00000000f6600000, 0x00000000f7800000, 0x0000000100000000)
  eden space 8192K, 100% used [0x00000000f6600000,0x00000000f6e00000,0x00000000f6e00000)
  from space 1024K, 100% used [0x00000000f6f00000,0x00000000f7000000,0x00000000f7000000)
  to   space 1024K, 0% used [0x00000000f6e00000,0x00000000f6e00000,0x00000000f6f00000)
 ParOldGen       total 20480K, used 11658K [0x00000000e3200000, 0x00000000e4600000, 0x00000000f6600000)
  object space 20480K, 56% used [0x00000000e3200000,0x00000000e3d62838,0x00000000e4600000)
 Metaspace       used 5468K, capacity 5548K, committed 5760K, reserved 1056768K
  class space    used 563K, capacity 596K, committed 640K, reserved 1048576K
Event: 4.630 GC heap after
Heap after GC invocations=5 (full 0):
 PSYoungGen      total 9216K, used 1024K [0x00000000f6600000, 0x00000000f8500000, 0x0000000100000000)
  eden space 8192K, 0% used [0x00000000f6600000,0x00000000f6600000,0x00000000f6e00000)
  from space 1024K, 100% used [0x00000000f6e00000,0x00000000f6f00000,0x00000000f6f00000)
  to   space 7680K, 0% used [0x00000000f7d80000,0x00000000f7d80000,0x00000000f8500000)
 ParOldGen       total 20480K, used 15678K [0x00000000e3200000, 0x00000000e4600000, 0x00000000f6600000)
  object space 20480K, 76% used [0x00000000e3200000,0x00000000e414fa08,0x00000000e4600000)
 Metaspace       used 5468K, capacity 5548K, committed 5760K, reserved 1056768K
  class space    used 563K, capacity 596K, committed 640K, reserved 1048576K
}
Event: 4.630 GC heap before
{Heap before GC invocations=6 (full 1):
 PSYoungGen      total 9216K, used 1024K [0x00000000f6600000, 0x00000000f8500000, 0x0000000100000000)
  eden space 8192K, 0% used [0x00000000f6600000,0x00000000f6600000,0x00000000f6e00000)
  from space 1024K, 100% used [0x00000000f6e00000,0x00000000f6f00000,0x00000000f6f00000)
  to   space 7680K, 0% used [0x00000000f7d80000,0x00000000f7d80000,0x00000000f8500000)
 ParOldGen       total 20480K, used 15678K [0x00000000e3200000, 0x00000000e4600000, 0x00000000f6600000)
  object space 20480K, 76% used [0x00000000e3200000,0x00000000e414fa08,0x00000000e4600000)
 Metaspace       used 5468K, capacity 5548K, committed 5760K, reserved 1056768K
  class space    used 563K, capacity 596K, committed 640K, reserved 1048576K

